Arguments: 
  /usr/local/lib/nodejs/node-v12.13.1-linux-x64/bin/node /usr/local/lib/nodejs/node-v12.13.1-linux-x64/bin/yarn add -D ts-node

PATH: 
  /usr/bin/node:/usr/local/lib/nodejs/node-v12.13.1-linux-x64/bin:/usr/local/lib/nodejs/node-v12.13.1-linux-x64/bin:/home/Development/flutter/bin:/usr/local/lib/nodejs/node-v12.13.1-linux-x64/bin:/home/goodness/.local/bin:/usr/local/lib/nodejs/node-v12.13.1-linux-x64/bin:/home/Development/flutter/bin:/usr/local/sbin:/usr/local/bin:/usr/sbin:/usr/bin:/sbin:/bin:/usr/games:/usr/local/games:/snap/bin

Yarn version: 
  1.22.4

Node version: 
  12.13.1

Platform: 
  linux x64

Trace: 
  SyntaxError: /home/goodness/Development/BitmamaWork/redit-clone/package.json: Unexpected token } in JSON at position 181
      at JSON.parse (<anonymous>)
      at /usr/local/lib/nodejs/node-v12.13.1-linux-x64/lib/node_modules/yarn/lib/cli.js:1625:59
      at Generator.next (<anonymous>)
      at step (/usr/local/lib/nodejs/node-v12.13.1-linux-x64/lib/node_modules/yarn/lib/cli.js:310:30)
      at /usr/local/lib/nodejs/node-v12.13.1-linux-x64/lib/node_modules/yarn/lib/cli.js:321:13

npm manifest: 
  {
    "name": "redit-clone",
    "version": "1.0.0",
    "description": "",
    "main": "index.js",
    "scripts": {
      "test": "echo \"Error: no test specified\" && exit 1",
      "start":
    },
    "keywords": [],
    "author": "",
    "license": "ISC",
    "devDependencies": {
      "@types/node": "^14.14.25",
      "typescript": "^4.1.3"
    }
  }

yarn manifest: 
  No manifest

Lockfile: 
  # THIS IS AN AUTOGENERATED FILE. DO NOT EDIT THIS FILE DIRECTLY.
  # yarn lockfile v1
  
  
  "@types/node@^14.14.25":
    version "14.14.25"
    resolved "https://registry.yarnpkg.com/@types/node/-/node-14.14.25.tgz#15967a7b577ff81383f9b888aa6705d43fbbae93"
    integrity sha512-EPpXLOVqDvisVxtlbvzfyqSsFeQxltFbluZNRndIb8tr9KiBnYNLzrc1N3pyKUCww2RNrfHDViqDWWE1LCJQtQ==
  
  typescript@^4.1.3:
    version "4.1.3"
    resolved "https://registry.yarnpkg.com/typescript/-/typescript-4.1.3.tgz#519d582bd94cba0cf8934c7d8e8467e473f53bb7"
    integrity sha512-B3ZIOf1IKeH2ixgHhj6la6xdwR9QrLC5d1VKeCSY4tvkqhF2eqd9O7txNlS0PO3GrBAFIdr3L1ndNwteUbZLYg==
